0 info it worked if it ends with ok
1 verbose cli [ 'node', '/usr/local/bin/npm', 'publish', './' ]
2 info using npm@2.7.0
3 info using node@v0.12.0
4 verbose publish [ './' ]
5 silly cache add args [ './', null ]
6 verbose cache add spec ./
7 silly cache add parsed spec { raw: './',
7 silly cache add   scope: null,
7 silly cache add   name: null,
7 silly cache add   rawSpec: './',
7 silly cache add   spec: '/home/ec2-user/server',
7 silly cache add   type: 'directory' }
8 verbose addLocalDirectory /home/ec2-user/.npm/server/1.0.0/package.tgz not in flight; packing
9 verbose tar pack [ '/home/ec2-user/.npm/server/1.0.0/package.tgz',
9 verbose tar pack   '/home/ec2-user/server' ]
10 verbose tarball /home/ec2-user/.npm/server/1.0.0/package.tgz
11 verbose folder /home/ec2-user/server
12 info prepublish server@1.0.0
13 verbose addLocalTarball adding from inside cache /home/ec2-user/.npm/server/1.0.0/package.tgz
14 silly cache afterAdd server@1.0.0
15 verbose afterAdd /home/ec2-user/.npm/server/1.0.0/package/package.json not in flight; writing
16 verbose afterAdd /home/ec2-user/.npm/server/1.0.0/package/package.json written
17 silly publish { name: 'server',
17 silly publish   version: '1.0.0',
17 silly publish   description: '',
17 silly publish   main: 'server.js',
17 silly publish   scripts:
17 silly publish    { test: 'echo "Error: no test specified" && exit 1',
17 silly publish      start: 'node server.js' },
17 silly publish   author: { name: 'tanmad21', email: 'tanmad21@gmail.com' },
17 silly publish   license: 'ISC',
17 silly publish   readme: 'ERROR: No README data found!',
17 silly publish   _id: 'server@1.0.0',
17 silly publish   _shasum: 'f7d35082723a474aca8074d0e6080db3d4ff6e5f',
17 silly publish   _from: '.' }
18 silly mapToRegistry name server
19 silly mapToRegistry using default registry
20 silly mapToRegistry registry https://registry.npmjs.org/
21 silly mapToRegistry uri https://registry.npmjs.org/server
22 verbose publish registryBase https://registry.npmjs.org/
23 silly publish uploading /home/ec2-user/.npm/server/1.0.0/package.tgz
24 verbose request uri https://registry.npmjs.org/server
25 verbose request sending authorization for write operation
26 info attempt registry request try #1 at 06:26:42
27 verbose request id a3601fd680f44ab8
28 http request PUT https://registry.npmjs.org/server
29 http 403 https://registry.npmjs.org/server
30 verbose headers { date: 'Fri, 06 Mar 2015 06:26:42 GMT',
30 verbose headers   server: 'CouchDB/1.5.0 (Erlang OTP/R16B03)',
30 verbose headers   'content-type': 'application/json',
30 verbose headers   'cache-control': 'max-age=60',
30 verbose headers   'content-length': '550',
30 verbose headers   'accept-ranges': 'bytes',
30 verbose headers   via: '1.1 varnish',
30 verbose headers   'x-served-by': 'cache-sjc3121-SJC',
30 verbose headers   'x-cache': 'MISS',
30 verbose headers   'x-cache-hits': '0',
30 verbose headers   'x-timer': 'S1425623202.450484,VS0,VE146',
30 verbose headers   'keep-alive': 'timeout=10, max=50',
30 verbose headers   connection: 'Keep-Alive' }
31 verbose request invalidating /home/ec2-user/.npm/registry.npmjs.org/server on PUT
32 error publish Failed PUT 403
33 verbose stack Error: forbidden user: tanmad21 not authorized to modify server
33 verbose stack Deleted: description
33 verbose stack Changed: dist-tags.latest "0.0.3" -> "1.0.0"
33 verbose stack Added: versions.1.0.0
33 verbose stack Changed: readme "Node构建的简单http服务器\u000a===" -> "ERROR: No README data found!"
33 verbose stack Changed: time.modified "2012-08-09T15:05:44.670Z" -> "2015-03-06T06:26:42.573Z"
33 verbose stack Added: time.1.0.0
33 verbose stack Changed: author.name "FlashSoft" -> "tanmad21"
33 verbose stack Added: author.email
33 verbose stack Deleted: repository
33 verbose stack Deleted: keywords
33 verbose stack Changed: license "BSD" -> "ISC"
33 verbose stack Added: _attachments: server
33 verbose stack     at CachingRegistryClient.<anonymous> (/usr/local/lib/node_modules/npm/node_modules/npm-registry-client/lib/request.js:254:14)
33 verbose stack     at Request._callback (/usr/local/lib/node_modules/npm/node_modules/npm-registry-client/lib/request.js:178:14)
33 verbose stack     at Request.self.callback (/usr/local/lib/node_modules/npm/node_modules/request/request.js:344:22)
33 verbose stack     at Request.emit (events.js:110:17)
33 verbose stack     at Request.<anonymous> (/usr/local/lib/node_modules/npm/node_modules/request/request.js:1239:14)
33 verbose stack     at Request.emit (events.js:129:20)
33 verbose stack     at IncomingMessage.<anonymous> (/usr/local/lib/node_modules/npm/node_modules/request/request.js:1187:12)
33 verbose stack     at IncomingMessage.emit (events.js:129:20)
33 verbose stack     at _stream_readable.js:908:16
33 verbose stack     at process._tickCallback (node.js:355:11)
34 verbose statusCode 403
35 verbose pkgid server
36 verbose cwd /home/ec2-user/server
37 error Linux 3.14.27-25.47.amzn1.x86_64
38 error argv "node" "/usr/local/bin/npm" "publish" "./"
39 error node v0.12.0
40 error npm  v2.7.0
41 error code E403
42 error forbidden user: tanmad21 not authorized to modify server
42 error Deleted: description
42 error Changed: dist-tags.latest "0.0.3" -> "1.0.0"
42 error Added: versions.1.0.0
42 error Changed: readme "Node构建的简单http服务器\u000a===" -> "ERROR: No README data found!"
42 error Changed: time.modified "2012-08-09T15:05:44.670Z" -> "2015-03-06T06:26:42.573Z"
42 error Added: time.1.0.0
42 error Changed: author.name "FlashSoft" -> "tanmad21"
42 error Added: author.email
42 error Deleted: repository
42 error Deleted: keywords
42 error Changed: license "BSD" -> "ISC"
42 error Added: _attachments: server
43 error If you need help, you may report this error at:
43 error     <https://github.com/npm/npm/issues>
44 verbose exit [ 1, true ]
